This file contains any messages produced by compilers while
running configure, to aid debugging if configure makes a mistake.

It was created by configure, which was
generated by GNU Autoconf 2.69.  Invocation command line was

  $ ./configure 

## --------- ##
## Platform. ##
## --------- ##

hostname = ghasshee
uname -m = x86_64
uname -r = 5.10.76
uname -s = Linux
uname -v = #1-NixOS SMP Wed Oct 27 07:56:57 UTC 2021

/usr/bin/uname -p = unknown
/bin/uname -X     = unknown

/bin/arch              = unknown
/usr/bin/arch -k       = unknown
/usr/convex/getsysinfo = unknown
/usr/bin/hostinfo      = unknown
/bin/machine           = unknown
/usr/bin/oslevel       = unknown
/bin/universe          = unknown

PATH: /home/ghasshee/.cargo/bin
PATH: /home/ghasshee/.opam/4.12.0/bin
PATH: /run/wrappers/bin
PATH: /run/current-system/sw/bin
PATH: /bin
PATH: /sbin
PATH: /usr/bin
PATH: /usr/sbin
PATH: /usr/local/bin
PATH: /usr/local/sbin
PATH: /home/ghasshee/.local/bin
PATH: /home/ghasshee/.bin
PATH: /usr/bin/core_perl
PATH: /home/ghasshee/gocode/bin
PATH: /usr/local/opt/go/libexec/bin
PATH: /home/ghasshee/.gem/bin
PATH: /home/ghasshee/.java/bin


## ----------- ##
## Core tests. ##
## ----------- ##

configure:1753: checking for ocamlc
configure:1769: found /home/ghasshee/.opam/4.12.0/bin/ocamlc
configure:1781: result: ocamlc
configure:1818: checking OS dependent settings
configure:1853: checking for ocamlopt
configure:1869: found /home/ghasshee/.opam/4.12.0/bin/ocamlopt
configure:1881: result: ocamlopt
configure:1894: checking ocamlopt version
configure:1902: result: ok
configure:1911: checking for ocamlc.opt
configure:1927: found /home/ghasshee/.opam/4.12.0/bin/ocamlc.opt
configure:1939: result: ocamlc.opt
configure:1948: checking ocamlc.opt version
configure:1955: result: ok
configure:1965: checking for ocamlopt.opt
configure:1981: found /home/ghasshee/.opam/4.12.0/bin/ocamlopt.opt
configure:1993: result: ocamlopt.opt
configure:2002: checking ocamlc.opt version
configure:2009: result: ok
configure:2019: checking for ocamldep
configure:2035: found /home/ghasshee/.opam/4.12.0/bin/ocamldep
configure:2047: result: ocamldep
configure:2060: checking for ocamldep.opt
configure:2076: found /home/ghasshee/.opam/4.12.0/bin/ocamldep.opt
configure:2088: result: ocamldep.opt
configure:2103: checking for ocamllex
configure:2119: found /home/ghasshee/.opam/4.12.0/bin/ocamllex
configure:2131: result: ocamllex
configure:2144: checking for ocamllex.opt
configure:2160: found /home/ghasshee/.opam/4.12.0/bin/ocamllex.opt
configure:2172: result: ocamllex.opt
configure:2187: checking for ocamlyacc
configure:2203: found /home/ghasshee/.opam/4.12.0/bin/ocamlyacc
configure:2215: result: ocamlyacc
configure:2229: checking for ocamldoc
configure:2245: found /home/ghasshee/.opam/4.12.0/bin/ocamldoc
configure:2257: result: ocamldoc
configure:2271: checking for ocamldoc.opt
configure:2287: found /home/ghasshee/.opam/4.12.0/bin/ocamldoc.opt
configure:2299: result: ocamldoc.opt
configure:2389: checking for /home/ghasshee/.opam/4.12.0/lib/ocaml/lablgtk2/lablgtk.cma
configure:2403: result: no
configure:2418: checking for ocamlweb
configure:2446: result: true
configure:2536: checking for frama-c
configure:2564: result: no
configure:2573: WARNING: Cannot find frama-c.
configure:2655: checking for coqc
configure:2671: found /run/current-system/sw/bin/coqc
configure:2683: result: coqc
configure:2699: checking for coqdep
configure:2715: found /run/current-system/sw/bin/coqdep
configure:2727: result: coqdep
configure:2739: checking Coq version
configure:2752: result: 8.13.2
configure:2771: checking Coq floating-point library
configure:2779: result: no
configure:2783: checking Coq legacy floating-point library
configure:2791: result: no
configure:2798: checking for why3
configure:2826: result: no
configure:2835: WARNING: Cannot find why3.
configure:2863: checking for pvs
configure:2881: found /run/current-system/sw/bin/pvs
configure:2894: result: /run/current-system/sw/bin/pvs
configure:2910: WARNING: PVS found but pvs -where did not work
configure:2919: checking for mizf
configure:2947: result: no
configure:2957: WARNING: Cannot find Mizar.
configure:3185: creating ./config.status

## ---------------------- ##
## Running config.status. ##
## ---------------------- ##

This file was extended by config.status, which was
generated by GNU Autoconf 2.69.  Invocation command line was

  CONFIG_FILES    = 
  CONFIG_HEADERS  = 
  CONFIG_LINKS    = 
  CONFIG_COMMANDS = 
  $ ./config.status 

on ghasshee

config.status:762: creating Makefile
config.status:762: creating bench/bench

## ---------------- ##
## Cache variables. ##
## ---------------- ##

ac_cv_env_build_alias_set=
ac_cv_env_build_alias_value=
ac_cv_env_host_alias_set=
ac_cv_env_host_alias_value=
ac_cv_env_target_alias_set=
ac_cv_env_target_alias_value=
ac_cv_file__home_ghasshee__opam_4_12_0_lib_ocaml_lablgtk2_lablgtk_cma=no
ac_cv_path_PVSC=/run/current-system/sw/bin/pvs
ac_cv_prog_COQC=coqc
ac_cv_prog_COQDEP=coqdep
ac_cv_prog_FRAMAC=no
ac_cv_prog_MIZF=no
ac_cv_prog_OCAMLC=ocamlc
ac_cv_prog_OCAMLCDOTOPT=ocamlc.opt
ac_cv_prog_OCAMLDEP=ocamldep
ac_cv_prog_OCAMLDEPDOTOPT=ocamldep.opt
ac_cv_prog_OCAMLDOC=ocamldoc
ac_cv_prog_OCAMLDOCOPT=ocamldoc.opt
ac_cv_prog_OCAMLLEX=ocamllex
ac_cv_prog_OCAMLLEXDOTOPT=ocamllex.opt
ac_cv_prog_OCAMLOPT=ocamlopt
ac_cv_prog_OCAMLOPTDOTOPT=ocamlopt.opt
ac_cv_prog_OCAMLWEB=true
ac_cv_prog_OCAMLYACC=ocamlyacc
ac_cv_prog_WHY3=no

## ----------------- ##
## Output variables. ##
## ----------------- ##

APRONLIB=''
APRONLIBS=''
ATPCMO=''
CAMLP4O=''
COQ='yes'
COQC7='coqc -v7'
COQC8='coqc'
COQC='coqc'
COQDEP='coqdep'
COQLIB='/nix/store/vdib43za3avsmmllvdc44xj8cajxcc18-coq-8.13.2/lib/coq'
COQVER='v8.1'
CPULIMIT=''
DEFS='-DPACKAGE_NAME=\"\" -DPACKAGE_TARNAME=\"\" -DPACKAGE_VERSION=\"\" -DPACKAGE_STRING=\"\" -DPACKAGE_BUGREPORT=\"\" -DPACKAGE_URL=\"\"'
ECHO_C=''
ECHO_N='-n'
ECHO_T=''
EXE=''
FORPACK='-for-pack Graph'
FRAMAC='no'
INCLUDEGTK2=''
JESSIE3LIBCOQ=''
JESSIELIBCOQ='lib/coq/jessie_why.vo'
LABLGTK2='no'
LIBOBJS=''
LIBS=''
LTLIBOBJS=''
MIZAR='no'
MIZARLIB=''
MIZF='no'
OCAMLBEST='opt'
OCAMLC='ocamlc.opt'
OCAMLCDOTOPT='ocamlc.opt'
OCAMLDEP='ocamldep.opt'
OCAMLDEPDOTOPT='ocamldep.opt'
OCAMLDOC='ocamldoc.opt'
OCAMLDOCOPT='ocamldoc.opt'
OCAMLGRAPHLIB=''
OCAMLLEX='ocamllex.opt'
OCAMLLEXDOTOPT='ocamllex.opt'
OCAMLLIB='/home/ghasshee/.opam/4.12.0/lib/ocaml'
OCAMLOPT='ocamlopt.opt'
OCAMLOPTDOTOPT='ocamlopt.opt'
OCAMLV=''
OCAMLVERSION='4.12.0'
OCAMLWEB='true'
OCAMLYACC='ocamlyacc'
PACKAGE_BUGREPORT=''
PACKAGE_NAME=''
PACKAGE_STRING=''
PACKAGE_TARNAME=''
PACKAGE_URL=''
PACKAGE_VERSION=''
PATH_SEPARATOR=':'
PVS='no'
PVSC='/run/current-system/sw/bin/pvs'
PVSLIB='/lib'
SHELL='/bin/sh'
STRIP=''
VERBOSEMAKE='no'
WHY3='no'
WHY3COQPATH=''
WHYFLOATS=''
WHYLIBCOQ='lib/coq'
bindir='${exec_prefix}/bin'
build_alias=''
datadir='${datarootdir}'
datarootdir='${prefix}/share'
docdir='${datarootdir}/doc/${PACKAGE}'
dvidir='${docdir}'
enable_apron='no'
enable_local='no'
exec_prefix='${prefix}'
host_alias=''
htmldir='${docdir}'
includedir='${prefix}/include'
infodir='${datarootdir}/info'
libdir='${exec_prefix}/lib'
libexecdir='${exec_prefix}/libexec'
localedir='${datarootdir}/locale'
localstatedir='${prefix}/var'
mandir='${datarootdir}/man'
oldincludedir='/usr/include'
pdfdir='${docdir}'
prefix='.'
program_transform_name='s,x,x,'
psdir='${docdir}'
sbindir='${exec_prefix}/sbin'
sharedstatedir='${prefix}/com'
sysconfdir='${prefix}/etc'
target_alias=''

## ----------- ##
## confdefs.h. ##
## ----------- ##

/* confdefs.h */
#define PACKAGE_NAME ""
#define PACKAGE_TARNAME ""
#define PACKAGE_VERSION ""
#define PACKAGE_STRING ""
#define PACKAGE_BUGREPORT ""
#define PACKAGE_URL ""

configure: exit 0
